<?xml version="1.0" encoding="UTF-8"?>
<testng-results skipped="0" failed="0" ignored="0" total="1" passed="1">
  <reporter-output>
  </reporter-output>
  <suite name="Default suite" duration-ms="70481" started-at="2021-03-30T08:39:35 IST" finished-at="2021-03-30T08:40:45 IST">
    <groups>
    </groups>
    <test name="Default test" duration-ms="70481" started-at="2021-03-30T08:39:35 IST" finished-at="2021-03-30T08:40:45 IST">
      <class name="testngPackage.FirstTestNGFile">
        <test-method status="PASS" signature="launchBrowser()[pri:0, instance:testngPackage.FirstTestNGFile@3dfc5fb8]" name="launchBrowser" is-config="true" duration-ms="65948" started-at="2021-03-30T08:39:35 IST" finished-at="2021-03-30T08:40:41 IST">
          <reporter-output>
          </reporter-output>
        </test-method> <!-- launchBrowser -->
        <test-method status="PASS" signature="verifyHomepageTitle()[pri:0, instance:testngPackage.FirstTestNGFile@3dfc5fb8]" name="verifyHomepageTitle" duration-ms="198" started-at="2021-03-30T08:40:41 IST" finished-at="2021-03-30T08:40:41 IST">
          <reporter-output>
          </reporter-output>
        </test-method> <!-- verifyHomepageTitle -->
        <test-method status="PASS" signature="closeBrowser()[pri:0, instance:testngPackage.FirstTestNGFile@3dfc5fb8]" name="closeBrowser" is-config="true" duration-ms="4173" started-at="2021-03-30T08:40:41 IST" finished-at="2021-03-30T08:40:45 IST">
          <reporter-output>
          </reporter-output>
        </test-method> <!-- closeBrowser -->
      </class> <!-- testngPackage.FirstTestNGFile -->
    </test> <!-- Default test -->
  </suite> <!-- Default suite -->
</testng-results>
